<?xml version="1.0" encoding="UTF-8"?>
<testng-results ignored="0" total="1" passed="0" failed="1" skipped="0">
  <reporter-output>
  </reporter-output>
  <suite started-at="2022-03-22T13:31:35 IST" name="Default suite" finished-at="2022-03-22T13:32:21 IST" duration-ms="46079">
    <groups>
      <group name="cucumber">
        <method signature="AbstractTestNGCucumberTests.runScenario(io.cucumber.testng.PickleWrapper,io.cucumber.testng.FeatureWrapper)[pri:0, instance:testRunner.RunnerHook@11392934]" name="runScenario" class="io.cucumber.testng.AbstractTestNGCucumberTests"/>
      </group> <!-- cucumber -->
    </groups>
    <test started-at="2022-03-22T13:31:35 IST" name="Default test" finished-at="2022-03-22T13:32:21 IST" duration-ms="46079">
      <class name="testRunner.RunnerHook">
        <test-method is-config="true" signature="setUpClass(org.testng.ITestContext)[pri:0, instance:testRunner.RunnerHook@11392934]" started-at="2022-03-22T13:31:35 IST" name="setUpClass" finished-at="2022-03-22T13:31:36 IST" duration-ms="1111" status="PASS">
          <params>
            <param index="0">
              <value>
                <![CDATA[org.testng.TestRunner@41e9f86]]>
              </value>
            </param>
          </params>
          <reporter-output>
          </reporter-output>
        </test-method> <!-- setUpClass -->
        <test-method signature="runScenario(io.cucumber.testng.PickleWrapper,io.cucumber.testng.FeatureWrapper)[pri:0, instance:testRunner.RunnerHook@11392934]" started-at="2022-03-22T13:31:36 IST" name="runScenario" description="Runs Cucumber Scenarios" data-provider="scenarios" finished-at="2022-03-22T13:32:21 IST" duration-ms="44692" status="FAIL">
          <params>
            <param index="0">
              <value>
                <![CDATA["As a user I want to add a product to basket"]]>
              </value>
            </param>
            <param index="1">
              <value>
                <![CDATA["Optional[Add To basket]"]]>
              </value>
            </param>
          </params>
          <exception class="java.lang.AssertionError">
            <message>
              <![CDATA[expected [Functional Programming in JS
₹250.00] but found [[[[Functional Programming in JS]]]]]>
            </message>
            <full-stacktrace>
              <![CDATA[java.lang.AssertionError: expected [Functional Programming in JS
₹250.00] but found [[[[Functional Programming in JS]]]
at org.testng.Assert.fail(Assert.java:99)
at org.testng.Assert.failNotEquals(Assert.java:1037)
at org.testng.Assert.assertEqualsImpl(Assert.java:140)
at org.testng.Assert.assertEquals(Assert.java:122)
at org.testng.Assert.assertEquals(Assert.java:629)
at org.testng.Assert.assertEquals(Assert.java:639)
at stepDefinations.AddToBasketTest.verify_same_product_added(AddToBasketTest.java:59)
at ✽.verify same product added(file:///C:/Users/HP/eclipse-workspace/CucumberBBD/src/test/java/features/AddTobasket.feature:10)
]]>
            </full-stacktrace>
          </exception> <!-- java.lang.AssertionError -->
          <reporter-output>
          </reporter-output>
        </test-method> <!-- runScenario -->
        <test-method is-config="true" signature="tearDownClass()[pri:0, instance:testRunner.RunnerHook@11392934]" started-at="2022-03-22T13:32:21 IST" name="tearDownClass" finished-at="2022-03-22T13:32:21 IST" duration-ms="192" status="PASS">
          <reporter-output>
          </reporter-output>
        </test-method> <!-- tearDownClass -->
      </class> <!-- testRunner.RunnerHook -->
    </test> <!-- Default test -->
  </suite> <!-- Default suite -->
</testng-results>
