<?xml version="1.0" encoding="UTF-8"?>
<!-- Generated by org.testng.reporters.JUnitReportReporter -->
<testsuite hostname="DESKTOP-H8LCCOB" failures="1" tests="1" name="testRunner.RunnerHook" time="44.692" errors="0" timestamp="2022-03-22T13:32:21 IST" skipped="0">
  <testcase classname="testRunner.RunnerHook" name="runScenario" time="44.692">
    <failure message="expected [Functional Programming in JS
₹250.00] but found [[[[Functional Programming in JS]]]" type="java.lang.AssertionError">
      <![CDATA[java.lang.AssertionError: expected [Functional Programming in JS
₹250.00] but found [[[[Functional Programming in JS]]]
at org.testng.Assert.fail(Assert.java:99)
at org.testng.Assert.failNotEquals(Assert.java:1037)
at org.testng.Assert.assertEqualsImpl(Assert.java:140)
at org.testng.Assert.assertEquals(Assert.java:122)
at org.testng.Assert.assertEquals(Assert.java:629)
at org.testng.Assert.assertEquals(Assert.java:639)
at stepDefinations.AddToBasketTest.verify_same_product_added(AddToBasketTest.java:59)
at ✽.verify same product added(file:///C:/Users/HP/eclipse-workspace/CucumberBBD/src/test/java/features/AddTobasket.feature:10)
]]>
    </failure>
  </testcase> <!-- runScenario -->
  <system-out/>
</testsuite> <!-- testRunner.RunnerHook -->
